<?xml version="1.0" encoding="UTF-8"?>
<!-- Generated by org.testng.reporters.JUnitReportReporter -->
<testsuite skipped="0" hostname="L505613" name="com.qa.hubspot.PageTest.LoginPageTest" tests="3" failures="0" timestamp="2020-09-20T23:29:07 IST" time="15.480" errors="0">
  <testcase name="verifySignUpLinkTest" time="10.035" classname="com.qa.hubspot.PageTest.LoginPageTest"/>
  <system-out/>
  <testcase name="verifyLoginPageTitleTest" time="0.053" classname="com.qa.hubspot.PageTest.LoginPageTest"/>
  <system-out/>
  <testcase name="loginTest" time="5.392" classname="com.qa.hubspot.PageTest.LoginPageTest"/>
  <system-out/>
</testsuite> <!-- com.qa.hubspot.PageTest.LoginPageTest -->
